<?xml version="1.0" encoding="UTF-8"?>
<testng-results ignored="0" total="1" passed="1" failed="0" skipped="0">
  <reporter-output>
    <line>
      <![CDATA[=====Chrome Browser Session Started=====]]>
    </line>
    <line>
      <![CDATA[=====Application Started=====]]>
    </line>
  </reporter-output>
  <suite started-at="2022-04-18T23:50:40 WAT" name="Default suite" finished-at="2022-04-18T23:51:47 WAT" duration-ms="67722">
    <groups>
    </groups>
    <test started-at="2022-04-18T23:50:40 WAT" name="Default test" finished-at="2022-04-18T23:51:47 WAT" duration-ms="67722">
      <class name="com.kuda.testCases.SearchForSamsungTV">
        <test-method is-config="true" signature="setUp()[pri:0, instance:com.kuda.testCases.SearchForSamsungTV@58b8f9e3]" started-at="2022-04-18T23:50:40 WAT" name="setUp" finished-at="2022-04-18T23:51:09 WAT" duration-ms="29519" status="PASS">
          <reporter-output>
            <line>
              <![CDATA[=====Chrome Browser Session Started=====]]>
            </line>
            <line>
              <![CDATA[=====Application Started=====]]>
            </line>
          </reporter-output>
        </test-method> <!-- setUp -->
        <test-method signature="googleSign()[pri:0, instance:com.kuda.testCases.SearchForSamsungTV@58b8f9e3]" started-at="2022-04-18T23:51:09 WAT" name="googleSign" description="Designated to complete the Clipboard health task" finished-at="2022-04-18T23:51:47 WAT" duration-ms="38022" status="PASS">
          <reporter-output>
          </reporter-output>
        </test-method> <!-- googleSign -->
        <test-method is-config="true" signature="terminateSession()[pri:0, instance:com.kuda.testCases.SearchForSamsungTV@58b8f9e3]" started-at="2022-04-18T23:51:47 WAT" name="terminateSession" finished-at="2022-04-18T23:51:47 WAT" duration-ms="136" status="PASS">
          <reporter-output>
          </reporter-output>
        </test-method> <!-- terminateSession -->
      </class> <!-- com.kuda.testCases.SearchForSamsungTV -->
    </test> <!-- Default test -->
  </suite> <!-- Default suite -->
</testng-results>
